09:27:46.778 [[34mmain[0;39m] [34mINFO [0;39m c.y.t.TravelApplication - [[34mlogStarting[0;39m,55] - Starting TravelApplication on LAPTOP-VS94IE70 with PID 2628 (D:\workSpaces\IdeaWorkSpace2\travel\target\classes started by wjh in D:\workSpaces\IdeaWorkSpace2\travel)
09:27:46.780 [[34mmain[0;39m] [34mINFO [0;39m c.y.t.TravelApplication - [[34mlogStartupProfileInfo[0;39m,651] - No active profile set, falling back to default profiles: default
09:27:49.079 [[34mmain[0;39m] [34mINFO [0;39m c.y.t.TravelApplication - [[34mlogStarted[0;39m,61] - Started TravelApplication in 2.602 seconds (JVM running for 3.551)
09:27:58.855 [[34mhttp-nio-8080-exec-1[0;39m] [34mINFO [0;39m c.y.t.aop.LogAop - [[34mbefore[0;39m,47] - ==============>>>>>2023-03-24 09:27:58进入到了UserServiceImpl类的loadUserByUsername方法，参数是:[jack]
09:27:59.019 [[34mhttp-nio-8080-exec-1[0;39m] [34mINFO [0;39m c.y.t.aop.LogAop - [[34mafter[0;39m,59] - ==============>>>>>2023-03-24 09:27:59执行UserServiceImpl类的loadUserByUsername方法结束,花费的时间是：165ms
09:28:28.287 [[34mhttp-nio-8080-exec-4[0;39m] [34mINFO [0;39m c.y.t.aop.LogAop - [[34mbefore[0;39m,47] - ==============>>>>>2023-03-24 09:28:28进入到了ProductServiceImpl类的findAllProductByParam方法，参数是:[Product(id=null, productNum=null, productName=null, cityName=null, departureTime=null, productPrice=null, productDesc=null, productStatus=null)]
09:28:28.332 [[34mhttp-nio-8080-exec-4[0;39m] [34mINFO [0;39m c.y.t.aop.LogAop - [[34mafter[0;39m,59] - ==============>>>>>2023-03-24 09:28:28执行ProductServiceImpl类的findAllProductByParam方法结束,花费的时间是：45ms
09:33:04.384 [[34mmain[0;39m] [34mINFO [0;39m c.y.t.TravelApplication - [[34mlogStarting[0;39m,55] - Starting TravelApplication on LAPTOP-VS94IE70 with PID 8344 (D:\workSpaces\IdeaWorkSpace2\travel\target\classes started by wjh in D:\workSpaces\IdeaWorkSpace2\travel)
09:33:04.387 [[34mmain[0;39m] [34mINFO [0;39m c.y.t.TravelApplication - [[34mlogStartupProfileInfo[0;39m,651] - No active profile set, falling back to default profiles: default
09:33:06.626 [[34mmain[0;39m] [34mINFO [0;39m c.y.t.TravelApplication - [[34mlogStarted[0;39m,61] - Started TravelApplication in 2.541 seconds (JVM running for 3.527)
09:33:13.806 [[34mhttp-nio-8080-exec-4[0;39m] [34mINFO [0;39m c.y.t.aop.LogAop - [[34mbefore[0;39m,49] - ==============>>>>>2023-03-24 09:33:13进入到了UserServiceImpl类的loadUserByUsername方法，参数是:[jack]
09:33:13.960 [[34mhttp-nio-8080-exec-4[0;39m] [34mINFO [0;39m c.y.t.aop.LogAop - [[34mafter[0;39m,61] - ==============>>>>>2023-03-24 09:33:13执行UserServiceImpl类的loadUserByUsername方法结束,花费的时间是：155ms
09:43:06.998 [[34mmain[0;39m] [34mINFO [0;39m c.y.t.TravelApplication - [[34mlogStarting[0;39m,55] - Starting TravelApplication on LAPTOP-VS94IE70 with PID 4360 (D:\workSpaces\IdeaWorkSpace2\travel\target\classes started by wjh in D:\workSpaces\IdeaWorkSpace2\travel)
09:43:07.002 [[34mmain[0;39m] [34mINFO [0;39m c.y.t.TravelApplication - [[34mlogStartupProfileInfo[0;39m,651] - No active profile set, falling back to default profiles: default
09:43:09.549 [[34mmain[0;39m] [34mINFO [0;39m c.y.t.TravelApplication - [[34mlogStarted[0;39m,61] - Started TravelApplication in 2.871 seconds (JVM running for 3.853)
09:43:12.954 [[34mhttp-nio-8080-exec-7[0;39m] [34mINFO [0;39m c.y.t.aop.LogAop - [[34mbefore[0;39m,47] - ==============>>>>>2023-03-24 09:43:12进入到了UserServiceImpl类的loadUserByUsername方法，参数是:[jack]
09:43:13.098 [[34mhttp-nio-8080-exec-7[0;39m] [34mINFO [0;39m c.y.t.aop.LogAop - [[34mafter[0;39m,59] - ==============>>>>>2023-03-24 09:43:13执行UserServiceImpl类的loadUserByUsername方法结束,花费的时间是：145ms
09:43:14.743 [[34mhttp-nio-8080-exec-6[0;39m] [34mINFO [0;39m c.y.t.aop.LogAop - [[34mbefore[0;39m,47] - ==============>>>>>2023-03-24 09:43:14进入到了UserServiceImpl类的findAllUsers方法，参数是:[]
09:43:14.746 [[34mhttp-nio-8080-exec-6[0;39m] [34mINFO [0;39m c.y.t.aop.LogAop - [[34mafter[0;39m,59] - ==============>>>>>2023-03-24 09:43:14执行UserServiceImpl类的findAllUsers方法结束,花费的时间是：3ms
09:43:17.447 [[34mhttp-nio-8080-exec-6[0;39m] [34mINFO [0;39m c.y.t.aop.LogAop - [[34mbefore[0;39m,47] - ==============>>>>>2023-03-24 09:43:17进入到了RoleServiceImpl类的findAllRoles方法，参数是:[]
09:43:17.452 [[34mhttp-nio-8080-exec-6[0;39m] [34mINFO [0;39m c.y.t.aop.LogAop - [[34mafter[0;39m,59] - ==============>>>>>2023-03-24 09:43:17执行RoleServiceImpl类的findAllRoles方法结束,花费的时间是：5ms
09:49:05.704 [[34mhttp-nio-8080-exec-8[0;39m] [34mINFO [0;39m c.y.t.aop.LogAop - [[34mbefore[0;39m,47] - ==============>>>>>2023-03-24 09:49:05进入到了UserServiceImpl类的findAllUsers方法，参数是:[]
09:49:05.722 [[34mhttp-nio-8080-exec-8[0;39m] [34mINFO [0;39m c.y.t.aop.LogAop - [[34mafter[0;39m,59] - ==============>>>>>2023-03-24 09:49:05执行UserServiceImpl类的findAllUsers方法结束,花费的时间是：19ms
09:56:13.380 [[34mmain[0;39m] [34mINFO [0;39m c.y.t.TravelApplication - [[34mlogStarting[0;39m,55] - Starting TravelApplication on LAPTOP-VS94IE70 with PID 17472 (D:\workSpaces\IdeaWorkSpace2\travel\target\classes started by wjh in D:\workSpaces\IdeaWorkSpace2\travel)
09:56:13.382 [[34mmain[0;39m] [34mINFO [0;39m c.y.t.TravelApplication - [[34mlogStartupProfileInfo[0;39m,651] - No active profile set, falling back to default profiles: default
09:56:15.631 [[34mmain[0;39m] [34mINFO [0;39m c.y.t.TravelApplication - [[34mlogStarted[0;39m,61] - Started TravelApplication in 2.576 seconds (JVM running for 3.523)
09:56:57.678 [[34mhttp-nio-8080-exec-3[0;39m] [34mINFO [0;39m c.y.t.aop.LogAop - [[34mbefore[0;39m,47] - ==============>>>>>2023-03-24 09:56:57进入到了UserServiceImpl类的loadUserByUsername方法，参数是:[jack]
09:56:59.768 [[34mhttp-nio-8080-exec-3[0;39m] [34mINFO [0;39m c.y.t.aop.LogAop - [[34mbefore[0;39m,47] - ==============>>>>>2023-03-24 09:56:59进入到了SysLogServiceImpl类的findAllSysLog方法，参数是:[]
09:56:59.778 [[34mhttp-nio-8080-exec-3[0;39m] [34mINFO [0;39m c.y.t.aop.LogAop - [[34mafter[0;39m,63] - ==============>>>>>2023-03-24 09:56:59执行SysLogServiceImpl类的findAllSysLog方法结束,花费的时间是：10ms
09:57:16.812 [[34mhttp-nio-8080-exec-9[0;39m] [34mINFO [0;39m c.y.t.aop.LogAop - [[34mbefore[0;39m,47] - ==============>>>>>2023-03-24 09:57:16进入到了SysLogServiceImpl类的findAllSysLog方法，参数是:[]
09:57:16.815 [[34mhttp-nio-8080-exec-9[0;39m] [34mINFO [0;39m c.y.t.aop.LogAop - [[34mafter[0;39m,63] - ==============>>>>>2023-03-24 09:57:16执行SysLogServiceImpl类的findAllSysLog方法结束,花费的时间是：3ms
09:57:25.176 [[34mhttp-nio-8080-exec-6[0;39m] [34mINFO [0;39m c.y.t.aop.LogAop - [[34mbefore[0;39m,47] - ==============>>>>>2023-03-24 09:57:25进入到了UserServiceImpl类的loadUserByUsername方法，参数是:[jack]
09:57:30.135 [[34mhttp-nio-8080-exec-5[0;39m] [34mINFO [0;39m c.y.t.aop.LogAop - [[34mbefore[0;39m,47] - ==============>>>>>2023-03-24 09:57:30进入到了SysLogServiceImpl类的findAllSysLog方法，参数是:[]
09:57:30.138 [[34mhttp-nio-8080-exec-5[0;39m] [34mINFO [0;39m c.y.t.aop.LogAop - [[34mafter[0;39m,63] - ==============>>>>>2023-03-24 09:57:30执行SysLogServiceImpl类的findAllSysLog方法结束,花费的时间是：4ms
09:58:44.756 [[34mmain[0;39m] [34mINFO [0;39m c.y.t.TravelApplication - [[34mlogStarting[0;39m,55] - Starting TravelApplication on LAPTOP-VS94IE70 with PID 12252 (D:\workSpaces\IdeaWorkSpace2\travel\target\classes started by wjh in D:\workSpaces\IdeaWorkSpace2\travel)
09:58:44.759 [[34mmain[0;39m] [34mINFO [0;39m c.y.t.TravelApplication - [[34mlogStartupProfileInfo[0;39m,651] - No active profile set, falling back to default profiles: default
09:58:47.010 [[34mmain[0;39m] [34mINFO [0;39m c.y.t.TravelApplication - [[34mlogStarted[0;39m,61] - Started TravelApplication in 2.544 seconds (JVM running for 3.698)
09:58:58.327 [[34mhttp-nio-8080-exec-7[0;39m] [34mINFO [0;39m c.y.t.aop.LogAop - [[34mbefore[0;39m,47] - ==============>>>>>2023-03-24 09:58:58进入到了UserServiceImpl类的loadUserByUsername方法，参数是:[jack]
09:59:00.226 [[34mhttp-nio-8080-exec-8[0;39m] [34mINFO [0;39m c.y.t.aop.LogAop - [[34mbefore[0;39m,47] - ==============>>>>>2023-03-24 09:59:00进入到了SysLogServiceImpl类的findAllSysLog方法，参数是:[]
09:59:00.235 [[34mhttp-nio-8080-exec-8[0;39m] [34mINFO [0;39m c.y.t.aop.LogAop - [[34mafter[0;39m,63] - ==============>>>>>2023-03-24 09:59:00执行SysLogServiceImpl类的findAllSysLog方法结束,花费的时间是：9ms
10:00:15.696 [[34mmain[0;39m] [34mINFO [0;39m c.y.t.TravelApplication - [[34mlogStarting[0;39m,55] - Starting TravelApplication on LAPTOP-VS94IE70 with PID 19032 (D:\workSpaces\IdeaWorkSpace2\travel\target\classes started by wjh in D:\workSpaces\IdeaWorkSpace2\travel)
10:00:15.698 [[34mmain[0;39m] [34mINFO [0;39m c.y.t.TravelApplication - [[34mlogStartupProfileInfo[0;39m,651] - No active profile set, falling back to default profiles: default
10:00:18.049 [[34mmain[0;39m] [34mINFO [0;39m c.y.t.TravelApplication - [[34mlogStarted[0;39m,61] - Started TravelApplication in 2.727 seconds (JVM running for 3.946)
10:00:26.159 [[34mhttp-nio-8080-exec-8[0;39m] [34mINFO [0;39m c.y.t.aop.LogAop - [[34mbefore[0;39m,47] - ==============>>>>>2023-03-24 10:00:26进入到了UserServiceImpl类的loadUserByUsername方法，参数是:[jack]
10:00:28.372 [[34mhttp-nio-8080-exec-9[0;39m] [34mINFO [0;39m c.y.t.aop.LogAop - [[34mbefore[0;39m,47] - ==============>>>>>2023-03-24 10:00:28进入到了SysLogServiceImpl类的findAllSysLog方法，参数是:[]
10:00:28.382 [[34mhttp-nio-8080-exec-9[0;39m] [34mINFO [0;39m c.y.t.aop.LogAop - [[34mafter[0;39m,63] - ==============>>>>>2023-03-24 10:00:28执行SysLogServiceImpl类的findAllSysLog方法结束,花费的时间是：10ms
10:02:12.145 [[34mhttp-nio-8080-exec-10[0;39m] [34mINFO [0;39m c.y.t.aop.LogAop - [[34mbefore[0;39m,47] - ==============>>>>>2023-03-24 10:02:12进入到了UserServiceImpl类的findAllUsers方法，参数是:[]
10:02:12.163 [[34mhttp-nio-8080-exec-10[0;39m] [34mINFO [0;39m c.y.t.aop.LogAop - [[34mafter[0;39m,63] - ==============>>>>>2023-03-24 10:02:12执行UserServiceImpl类的findAllUsers方法结束,花费的时间是：18ms
10:02:14.031 [[34mhttp-nio-8080-exec-5[0;39m] [34mINFO [0;39m c.y.t.aop.LogAop - [[34mbefore[0;39m,47] - ==============>>>>>2023-03-24 10:02:14进入到了SysLogServiceImpl类的findAllSysLog方法，参数是:[]
10:02:14.034 [[34mhttp-nio-8080-exec-5[0;39m] [34mINFO [0;39m c.y.t.aop.LogAop - [[34mafter[0;39m,63] - ==============>>>>>2023-03-24 10:02:14执行SysLogServiceImpl类的findAllSysLog方法结束,花费的时间是：3ms
10:05:27.628 [[34mmain[0;39m] [34mINFO [0;39m c.y.t.TravelApplication - [[34mlogStarting[0;39m,55] - Starting TravelApplication on LAPTOP-VS94IE70 with PID 17944 (D:\workSpaces\IdeaWorkSpace2\travel\target\classes started by wjh in D:\workSpaces\IdeaWorkSpace2\travel)
10:05:27.631 [[34mmain[0;39m] [34mINFO [0;39m c.y.t.TravelApplication - [[34mlogStartupProfileInfo[0;39m,651] - No active profile set, falling back to default profiles: default
10:05:29.992 [[34mmain[0;39m] [34mINFO [0;39m c.y.t.TravelApplication - [[34mlogStarted[0;39m,61] - Started TravelApplication in 2.658 seconds (JVM running for 3.777)
10:05:34.317 [[34mhttp-nio-8080-exec-4[0;39m] [34mINFO [0;39m c.y.t.aop.LogAop - [[34mbefore[0;39m,47] - ==============>>>>>2023-03-24 10:05:34进入到了UserServiceImpl类的loadUserByUsername方法，参数是:[jack]
10:05:37.036 [[34mhttp-nio-8080-exec-8[0;39m] [34mINFO [0;39m c.y.t.aop.LogAop - [[34mbefore[0;39m,47] - ==============>>>>>2023-03-24 10:05:37进入到了ProductServiceImpl类的findAllProductByParam方法，参数是:[Product(id=null, productNum=null, productName=null, cityName=null, departureTime=null, productPrice=null, productDesc=null, productStatus=null)]
10:05:39.222 [[34mhttp-nio-8080-exec-2[0;39m] [34mINFO [0;39m c.y.t.aop.LogAop - [[34mbefore[0;39m,47] - ==============>>>>>2023-03-24 10:05:39进入到了SysLogServiceImpl类的findAllSysLog方法，参数是:[]
10:05:39.227 [[34mhttp-nio-8080-exec-2[0;39m] [34mINFO [0;39m c.y.t.aop.LogAop - [[34mafter[0;39m,65] - ==============>>>>>2023-03-24 10:05:39执行SysLogServiceImpl类的findAllSysLog方法结束,花费的时间是：5ms
10:05:57.243 [[34mmain[0;39m] [34mINFO [0;39m c.y.t.TravelApplication - [[34mlogStarting[0;39m,55] - Starting TravelApplication on LAPTOP-VS94IE70 with PID 13572 (D:\workSpaces\IdeaWorkSpace2\travel\target\classes started by wjh in D:\workSpaces\IdeaWorkSpace2\travel)
10:05:57.247 [[34mmain[0;39m] [34mINFO [0;39m c.y.t.TravelApplication - [[34mlogStartupProfileInfo[0;39m,651] - No active profile set, falling back to default profiles: default
10:05:59.682 [[34mmain[0;39m] [34mINFO [0;39m c.y.t.TravelApplication - [[34mlogStarted[0;39m,61] - Started TravelApplication in 2.789 seconds (JVM running for 3.956)
10:06:07.062 [[34mhttp-nio-8080-exec-7[0;39m] [34mINFO [0;39m c.y.t.aop.LogAop - [[34mbefore[0;39m,47] - ==============>>>>>2023-03-24 10:06:07进入到了UserServiceImpl类的loadUserByUsername方法，参数是:[jack]
10:06:09.023 [[34mhttp-nio-8080-exec-10[0;39m] [34mINFO [0;39m c.y.t.aop.LogAop - [[34mbefore[0;39m,47] - ==============>>>>>2023-03-24 10:06:09进入到了ProductServiceImpl类的findAllProductByParam方法，参数是:[Product(id=null, productNum=null, productName=null, cityName=null, departureTime=null, productPrice=null, productDesc=null, productStatus=null)]
10:06:09.066 [[34mhttp-nio-8080-exec-10[0;39m] [34mINFO [0;39m c.y.t.aop.LogAop - [[34mafter[0;39m,65] - ==============>>>>>2023-03-24 10:06:09执行ProductServiceImpl类的findAllProductByParam方法结束,花费的时间是：42ms
10:06:10.456 [[34mhttp-nio-8080-exec-1[0;39m] [34mINFO [0;39m c.y.t.aop.LogAop - [[34mbefore[0;39m,47] - ==============>>>>>2023-03-24 10:06:10进入到了SysLogServiceImpl类的findAllSysLog方法，参数是:[]
10:43:32.995 [[34mmain[0;39m] [34mINFO [0;39m c.y.t.TravelApplication - [[34mlogStarting[0;39m,55] - Starting TravelApplication on LAPTOP-VS94IE70 with PID 17652 (D:\workSpaces\IdeaWorkSpace2\travel\target\classes started by wjh in D:\workSpaces\IdeaWorkSpace2\travel)
10:43:32.997 [[34mmain[0;39m] [34mINFO [0;39m c.y.t.TravelApplication - [[34mlogStartupProfileInfo[0;39m,651] - No active profile set, falling back to default profiles: default
10:43:35.289 [[34mmain[0;39m] [34mINFO [0;39m c.y.t.TravelApplication - [[34mlogStarted[0;39m,61] - Started TravelApplication in 2.591 seconds (JVM running for 3.573)
10:44:10.980 [[34mmain[0;39m] [34mINFO [0;39m c.y.t.TravelApplication - [[34mlogStarting[0;39m,55] - Starting TravelApplication on LAPTOP-VS94IE70 with PID 684 (D:\workSpaces\IdeaWorkSpace2\travel\target\classes started by wjh in D:\workSpaces\IdeaWorkSpace2\travel)
10:44:10.982 [[34mmain[0;39m] [34mINFO [0;39m c.y.t.TravelApplication - [[34mlogStartupProfileInfo[0;39m,651] - No active profile set, falling back to default profiles: default
10:44:13.216 [[34mmain[0;39m] [34mINFO [0;39m c.y.t.TravelApplication - [[34mlogStarted[0;39m,61] - Started TravelApplication in 2.547 seconds (JVM running for 3.53)
10:44:33.035 [[34mhttp-nio-8080-exec-1[0;39m] [34mINFO [0;39m c.y.t.aop.LogAop - [[34mbefore[0;39m,47] - ==============>>>>>2023-03-24 10:44:33进入到了UserServiceImpl类的loadUserByUsername方法，参数是:[jack]
10:44:40.167 [[34mhttp-nio-8080-exec-8[0;39m] [34mINFO [0;39m c.y.t.aop.LogAop - [[34mbefore[0;39m,47] - ==============>>>>>2023-03-24 10:44:40进入到了BookServiceImpl类的findAllBook方法，参数是:[]
10:44:40.174 [[34mhttp-nio-8080-exec-8[0;39m] [34mINFO [0;39m c.y.t.aop.LogAop - [[34mafter[0;39m,65] - ==============>>>>>2023-03-24 10:44:40执行BookServiceImpl类的findAllBook方法结束,花费的时间是：7ms
11:49:55.639 [[34mmain[0;39m] [34mINFO [0;39m c.y.t.TravelApplication - [[34mlogStarting[0;39m,55] - Starting TravelApplication on LAPTOP-VS94IE70 with PID 9732 (D:\workSpaces\IdeaWorkSpace2\travel\target\classes started by wjh in D:\workSpaces\IdeaWorkSpace2\travel)
11:49:55.641 [[34mmain[0;39m] [34mINFO [0;39m c.y.t.TravelApplication - [[34mlogStartupProfileInfo[0;39m,651] - No active profile set, falling back to default profiles: default
11:49:58.068 [[34mmain[0;39m] [34mINFO [0;39m c.y.t.TravelApplication - [[34mlogStarted[0;39m,61] - Started TravelApplication in 2.724 seconds (JVM running for 3.743)
11:50:03.171 [[34mhttp-nio-8080-exec-8[0;39m] [34mINFO [0;39m c.y.t.aop.LogAop - [[34mbefore[0;39m,47] - ==============>>>>>2023-03-24 11:50:03进入到了UserServiceImpl类的loadUserByUsername方法，参数是:[jack]
11:50:06.380 [[34mhttp-nio-8080-exec-5[0;39m] [34mINFO [0;39m c.y.t.aop.LogAop - [[34mbefore[0;39m,47] - ==============>>>>>2023-03-24 11:50:06进入到了UserServiceImpl类的findAllUsers方法，参数是:[]
11:50:06.383 [[34mhttp-nio-8080-exec-5[0;39m] [34mINFO [0;39m c.y.t.aop.LogAop - [[34mafter[0;39m,65] - ==============>>>>>2023-03-24 11:50:06执行UserServiceImpl类的findAllUsers方法结束,花费的时间是：3ms
11:50:32.340 [[34mmain[0;39m] [34mINFO [0;39m c.y.t.TravelApplication - [[34mlogStarting[0;39m,55] - Starting TravelApplication on LAPTOP-VS94IE70 with PID 18060 (D:\workSpaces\IdeaWorkSpace2\travel\target\classes started by wjh in D:\workSpaces\IdeaWorkSpace2\travel)
11:50:32.342 [[34mmain[0;39m] [34mINFO [0;39m c.y.t.TravelApplication - [[34mlogStartupProfileInfo[0;39m,651] - No active profile set, falling back to default profiles: default
11:50:34.698 [[34mmain[0;39m] [34mINFO [0;39m c.y.t.TravelApplication - [[34mlogStarted[0;39m,61] - Started TravelApplication in 2.68 seconds (JVM running for 3.667)
11:50:37.547 [[34mhttp-nio-8080-exec-3[0;39m] [34mINFO [0;39m c.y.t.aop.LogAop - [[34mbefore[0;39m,47] - ==============>>>>>2023-03-24 11:50:37进入到了UserServiceImpl类的loadUserByUsername方法，参数是:[jack]
11:50:39.472 [[34mhttp-nio-8080-exec-9[0;39m] [34mINFO [0;39m c.y.t.aop.LogAop - [[34mbefore[0;39m,47] - ==============>>>>>2023-03-24 11:50:39进入到了UserServiceImpl类的findAllUsers方法，参数是:[]
11:50:39.475 [[34mhttp-nio-8080-exec-9[0;39m] [34mINFO [0;39m c.y.t.aop.LogAop - [[34mafter[0;39m,65] - ==============>>>>>2023-03-24 11:50:39执行UserServiceImpl类的findAllUsers方法结束,花费的时间是：3ms
11:50:41.323 [[34mhttp-nio-8080-exec-6[0;39m] [34mINFO [0;39m c.y.t.aop.LogAop - [[34mbefore[0;39m,47] - ==============>>>>>2023-03-24 11:50:41进入到了UserServiceImpl类的findUserById方法，参数是:[111-222]
11:50:41.330 [[34mhttp-nio-8080-exec-6[0;39m] [34mINFO [0;39m c.y.t.aop.LogAop - [[34mafter[0;39m,65] - ==============>>>>>2023-03-24 11:50:41执行UserServiceImpl类的findUserById方法结束,花费的时间是：7ms
